<?xml version="1.0" encoding="UTF-8"?>
<testsuite name="agh.ics.oop.AnimalUpdatedTest" tests="5" skipped="0" failures="0" errors="0" timestamp="2022-10-29T14:57:36" hostname="DESKTOP-4SIL28O" time="0.024">
  <properties/>
  <testcase name="parserTest()" classname="agh.ics.oop.AnimalUpdatedTest" time="0.017"/>
  <testcase name="orientationTest()" classname="agh.ics.oop.AnimalUpdatedTest" time="0.003"/>
  <testcase name="moveTest()" classname="agh.ics.oop.AnimalUpdatedTest" time="0.001"/>
  <testcase name="simulationTest()" classname="agh.ics.oop.AnimalUpdatedTest" time="0.001"/>
  <testcase name="borderTest()" classname="agh.ics.oop.AnimalUpdatedTest" time="0.001"/>
  <system-out><![CDATA[]]></system-out>
  <system-err><![CDATA[]]></system-err>
</testsuite>
